# JRE version: OpenJDK Runtime Environment (8.0_152-b02) (build 1.8.0_152-release-1024-b02)
# Java VM: OpenJDK 64-Bit Server VM (25.152-b02 mixed mode windows-amd64 compressed oops)
Heap:
 PSYoungGen      total 236032K, used 61445K [0x00000000e0000000, 0x00000000f0880000, 0x0000000100000000)
  eden space 216576K, 28% used [0x00000000e0000000,0x00000000e3c01640,0x00000000ed380000)
  from space 19456K, 0% used [0x00000000ee600000,0x00000000ee600000,0x00000000ef900000)
  to   space 18944K, 0% used [0x00000000ed380000,0x00000000ed380000,0x00000000ee600000)
 ParOldGen       total 201728K, used 33801K [0x00000000a0000000, 0x00000000ac500000, 0x00000000e0000000)
  object space 201728K, 16% used [0x00000000a0000000,0x00000000a2102678,0x00000000ac500000)
 Metaspace       used 61121K, capacity 62868K, committed 63192K, reserved 1103872K
  class space    used 8195K, capacity 8625K, committed 8704K, reserved 1048576K
GC Heap History (10 events):
Event: 9.267 GC heap before
{Heap before GC invocations=9 (full 2):
 PSYoungGen      total 116224K, used 104960K [0x00000000e0000000, 0x00000000e8380000, 0x0000000100000000)
  eden space 104960K, 100% used [0x00000000e0000000,0x00000000e6680000,0x00000000e6680000)
  from space 11264K, 0% used [0x00000000e7180000,0x00000000e7180000,0x00000000e7c80000)
  to   space 11264K, 0% used [0x00000000e6680000,0x00000000e6680000,0x00000000e7180000)
 ParOldGen       total 141824K, used 16382K [0x00000000a0000000, 0x00000000a8a80000, 0x00000000e0000000)
  object space 141824K, 11% used [0x00000000a0000000,0x00000000a0fffa50,0x00000000a8a80000)
 Metaspace       used 40708K, capacity 41586K, committed 41688K, reserved 1085440K
  class space    used 5584K, capacity 5872K, committed 5888K, reserved 1048576K
Event: 9.301 GC heap after
Heap after GC invocations=9 (full 2):
 PSYoungGen      total 116224K, used 11241K [0x00000000e0000000, 0x00000000ebb80000, 0x0000000100000000)
  eden space 104960K, 0% used [0x00000000e0000000,0x00000000e0000000,0x00000000e6680000)
  from space 11264K, 99% used [0x00000000e6680000,0x00000000e717a768,0x00000000e7180000)
  to   space 12288K, 0% used [0x00000000eaf80000,0x00000000eaf80000,0x00000000ebb80000)
 ParOldGen       total 141824K, used 16897K [0x00000000a0000000, 0x00000000a8a80000, 0x00000000e0000000)
  object space 141824K, 11% used [0x00000000a0000000,0x00000000a10805e8,0x00000000a8a80000)
 Metaspace       used 40708K, capacity 41586K, committed 41688K, reserved 1085440K
  class space    used 5584K, capacity 5872K, committed 5888K, reserved 1048576K
}
Event: 10.713 GC heap before
{Heap before GC invocations=10 (full 2):
 PSYoungGen      total 116224K, used 116201K [0x00000000e0000000, 0x00000000ebb80000, 0x0000000100000000)
  eden space 104960K, 100% used [0x00000000e0000000,0x00000000e6680000,0x00000000e6680000)
  from space 11264K, 99% used [0x00000000e6680000,0x00000000e717a768,0x00000000e7180000)
  to   space 12288K, 0% used [0x00000000eaf80000,0x00000000eaf80000,0x00000000ebb80000)
 ParOldGen       total 141824K, used 16897K [0x00000000a0000000, 0x00000000a8a80000, 0x00000000e0000000)
  object space 141824K, 11% used [0x00000000a0000000,0x00000000a10805e8,0x00000000a8a80000)
 Metaspace       used 49466K, capacity 50916K, committed 51160K, reserved 1093632K
  class space    used 6739K, capacity 7123K, committed 7168K, reserved 1048576K
Event: 10.724 GC heap after
Heap after GC invocations=10 (full 2):
 PSYoungGen      total 176640K, used 12279K [0x00000000e0000000, 0x00000000ebf00000, 0x0000000100000000)
  eden space 164352K, 0% used [0x00000000e0000000,0x00000000e0000000,0x00000000ea080000)
  from space 12288K, 99% used [0x00000000eaf80000,0x00000000ebb7dcb8,0x00000000ebb80000)
  to   space 15360K, 0% used [0x00000000ea080000,0x00000000ea080000,0x00000000eaf80000)
 ParOldGen       total 141824K, used 21218K [0x00000000a0000000, 0x00000000a8a80000, 0x00000000e0000000)
  object space 141824K, 14% used [0x00000000a0000000,0x00000000a14b8980,0x00000000a8a80000)
 Metaspace       used 49466K, capacity 50916K, committed 51160K, reserved 1093632K
  class space    used 6739K, capacity 7123K, committed 7168K, reserved 1048576K
}
Event: 14.979 GC heap before
{Heap before GC invocations=11 (full 2):
 PSYoungGen      total 176640K, used 176631K [0x00000000e0000000, 0x00000000ebf00000, 0x0000000100000000)
  eden space 164352K, 100% used [0x00000000e0000000,0x00000000ea080000,0x00000000ea080000)
  from space 12288K, 99% used [0x00000000eaf80000,0x00000000ebb7dcb8,0x00000000ebb80000)
  to   space 15360K, 0% used [0x00000000ea080000,0x00000000ea080000,0x00000000eaf80000)
 ParOldGen       total 141824K, used 21218K [0x00000000a0000000, 0x00000000a8a80000, 0x00000000e0000000)
  object space 141824K, 14% used [0x00000000a0000000,0x00000000a14b8980,0x00000000a8a80000)
 Metaspace       used 55740K, capacity 57472K, committed 57688K, reserved 1099776K
  class space    used 7558K, capacity 7939K, committed 8064K, reserved 1048576K
Event: 14.993 GC heap after
Heap after GC invocations=11 (full 2):
 PSYoungGen      total 179712K, used 15335K [0x00000000e0000000, 0x00000000ef900000, 0x0000000100000000)
  eden space 164352K, 0% used [0x00000000e0000000,0x00000000e0000000,0x00000000ea080000)
  from space 15360K, 99% used [0x00000000ea080000,0x00000000eaf79c08,0x00000000eaf80000)
  to   space 19456K, 0% used [0x00000000ee600000,0x00000000ee600000,0x00000000ef900000)
 ParOldGen       total 141824K, used 27968K [0x00000000a0000000, 0x00000000a8a80000, 0x00000000e0000000)
  object space 141824K, 19% used [0x00000000a0000000,0x00000000a1b50040,0x00000000a8a80000)
 Metaspace       used 55740K, capacity 57472K, committed 57688K, reserved 1099776K
  class space    used 7558K, capacity 7939K, committed 8064K, reserved 1048576K
}
Event: 15.197 GC heap before
{Heap before GC invocations=12 (full 2):
 PSYoungGen      total 179712K, used 31229K [0x00000000e0000000, 0x00000000ef900000, 0x0000000100000000)
  eden space 164352K, 9% used [0x00000000e0000000,0x00000000e0f85bc8,0x00000000ea080000)
  from space 15360K, 99% used [0x00000000ea080000,0x00000000eaf79c08,0x00000000eaf80000)
  to   space 19456K, 0% used [0x00000000ee600000,0x00000000ee600000,0x00000000ef900000)
 ParOldGen       total 141824K, used 27968K [0x00000000a0000000, 0x00000000a8a80000, 0x00000000e0000000)
  object space 141824K, 19% used [0x00000000a0000000,0x00000000a1b50040,0x00000000a8a80000)
 Metaspace       used 57235K, capacity 58916K, committed 59028K, reserved 1099776K
  class space    used 7776K, capacity 8167K, committed 8192K, reserved 1048576K
Event: 15.208 GC heap after
Heap after GC invocations=12 (full 2):
 PSYoungGen      total 236032K, used 9840K [0x00000000e0000000, 0x00000000f0880000, 0x0000000100000000)
  eden space 216576K, 0% used [0x00000000e0000000,0x00000000e0000000,0x00000000ed380000)
  from space 19456K, 50% used [0x00000000ee600000,0x00000000eef9c040,0x00000000ef900000)
  to   space 18944K, 0% used [0x00000000ed380000,0x00000000ed380000,0x00000000ee600000)
 ParOldGen       total 141824K, used 36314K [0x00000000a0000000, 0x00000000a8a80000, 0x00000000e0000000)
  object space 141824K, 25% used [0x00000000a0000000,0x00000000a2376b00,0x00000000a8a80000)
 Metaspace       used 57235K, capacity 58916K, committed 59028K, reserved 1099776K
  class space    used 7776K, capacity 8167K, committed 8192K, reserved 1048576K
}
Event: 15.208 GC heap before
{Heap before GC invocations=13 (full 3):
 PSYoungGen      total 236032K, used 9840K [0x00000000e0000000, 0x00000000f0880000, 0x0000000100000000)
  eden space 216576K, 0% used [0x00000000e0000000,0x00000000e0000000,0x00000000ed380000)
  from space 19456K, 50% used [0x00000000ee600000,0x00000000eef9c040,0x00000000ef900000)
  to   space 18944K, 0% used [0x00000000ed380000,0x00000000ed380000,0x00000000ee600000)
 ParOldGen       total 141824K, used 36314K [0x00000000a0000000, 0x00000000a8a80000, 0x00000000e0000000)
  object space 141824K, 25% used [0x00000000a0000000,0x00000000a2376b00,0x00000000a8a80000)
 Metaspace       used 57235K, capacity 58916K, committed 59028K, reserved 1099776K
  class space    used 7776K, capacity 8167K, committed 8192K, reserved 1048576K
Event: 15.458 GC heap after
Heap after GC invocations=13 (full 3):
 PSYoungGen      total 236032K, used 0K [0x00000000e0000000, 0x00000000f0880000, 0x0000000100000000)
  eden space 216576K, 0% used [0x00000000e0000000,0x00000000e0000000,0x00000000ed380000)
  from space 19456K, 0% used [0x00000000ee600000,0x00000000ee600000,0x00000000ef900000)
  to   space 18944K, 0% used [0x00000000ed380000,0x00000000ed380000,0x00000000ee600000)
 ParOldGen       total 201728K, used 33801K [0x00000000a0000000, 0x00000000ac500000, 0x00000000e0000000)
  object space 201728K, 16% used [0x00000000a0000000,0x00000000a2102678,0x00000000ac500000)
 Metaspace       used 57235K, capacity 58916K, committed 59028K, reserved 1099776K
  class space    used 7776K, capacity 8167K, committed 8192K, reserved 1048576K
}

